[35m[Appium][39m Welcome to Appium v1.22.3
[35m[Appium][39m Non-default server args:
[35m[Appium][39m   port: 64014
[35m[Appium][39m   loglevel: info
[35m[Appium][39m   tmpDir: C:\Users\irfan\AppData\Local\Temp\\Katalon\Appium\Temp1696302276180
[35m[Appium][39m   chromedriverPort: 64015
[35m[Appium][39m Deprecated server args:
[35m[Appium][39m   [31m--chromedriver-port[39m => --default-capabilities
[35m[Appium][39m Default capabilities, which will be added to each request unless overridden by desired capabilities:
[35m[Appium][39m   chromedriverPort: 64015
[35m[Appium][39m Appium REST http interface listener started on 0.0.0.0:64014
[35m[HTTP][39m [37m-->[39m [37mGET[39m [37m/wd/hub/status[39m
[35m[HTTP][39m [90m{}[39m
[35m[HTTP][39m [37m<-- GET /wd/hub/status [39m[32m200[39m [90m3 ms - 68[39m
[35m[HTTP][39m [90m[39m
[35m[HTTP][39m [37m-->[39m [37mGET[39m [37m/wd/hub/status[39m
[35m[HTTP][39m [90m{}[39m
[35m[HTTP][39m [37m<-- GET /wd/hub/status [39m[32m200[39m [90m1 ms - 68[39m
[35m[HTTP][39m [90m[39m
[35m[HTTP][39m [37m-->[39m [37mPOST[39m [37m/wd/hub/session[39m
[35m[HTTP][39m [90m{"desiredCapabilities":{"appActivity":".Settings","appPackage":"com.android.settings","newCommandTimeout":1800,"platformVersion":"13","automationName":"uiautomator2","autoGrantPermissions":true,"platformName":"Android","udid":"RRCT401BB6V","deviceName":"samsung SM-S901E (Android 13)","platform":"ANDROID","systemPort":8269},"capabilities":{"firstMatch":[{"appium:appActivity":".Settings","appium:appPackage":"com.android.settings","appium:autoGrantPermissions":true,"appium:automationName":"uiautomator2","appium:deviceName":"samsung SM-S901E (Android 13)","appium:newCommandTimeout":1800,"platform":"ANDROID","platformName":"android","appium:platformVersion":"13","appium:systemPort":8269,"appium:udid":"RRCT401BB6V"}]}}[39m
[35m[BaseDriver][39m The following capabilities are not standard capabilities and should have an extension prefix:
[35m[BaseDriver][39m   platform
[35m[BaseDriver][39m   chromedriverPort
[35m[Appium][39m Appium v1.22.3 creating new AndroidUiautomator2Driver (v1.70.1) session
[35m[BaseDriver][39m The following capabilities were provided, but are not recognized by Appium:
[35m[BaseDriver][39m   platform
[35m[BaseDriver][39m Session created with session id: 445e72ae-2131-45c9-a635-31f853c0626c
[35m[UiAutomator2][39m Starting 'com.android.settings' directly on the device
[35m[ADB][39m Found 1 'build-tools' folders under 'C:\Users\irfan\.katalon\tools\android_sdk' (newest first):
[35m[ADB][39m     C:/Users/irfan/.katalon/tools/android_sdk/build-tools/29.0.3
[35m[ADB][39m Using 'adb.exe' from 'C:\Users\irfan\.katalon\tools\android_sdk\platform-tools\adb.exe'
[35m[AndroidDriver][39m Retrieving device list
[35m[AndroidDriver][39m Using device: RRCT401BB6V
[35m[ADB][39m Using 'adb.exe' from 'C:\Users\irfan\.katalon\tools\android_sdk\platform-tools\adb.exe'
[35m[ADB][39m Getting device platform version
[35m[UiAutomator2][39m Relaxing hidden api policy
[35m[AndroidDriver][39m No app sent in, not parsing package/activity
[35m[ADB][39m Using 'apksigner.jar' from 'C:\Users\irfan\.katalon\tools\android_sdk\build-tools\29.0.3\lib\apksigner.jar'
[35m[ADB][39m 'C:\Users\irfan\AppData\Roaming\npm\node_modules\appium\node_modules\appium-uiautomator2-server\apks\appium-uiautomator2-server-v4.27.0.apk' is signed with the default certificate
[35m[ADB][39m 'C:\Users\irfan\AppData\Roaming\npm\node_modules\appium\node_modules\appium-uiautomator2-server\apks\appium-uiautomator2-server-debug-androidTest.apk' is signed with the default certificate
[35m[UiAutomator2][39m Server packages are not going to be (re)installed
[35m[ADB][39m Adding packages ["io.appium.settings","io.appium.uiautomator2.server","io.appium.uiautomator2.server.test"] to Doze whitelist
[35m[ADB][39m com.android.settings contains no permissions available for granting
[35m[UiAutomator2][39m Starting UIAutomator2 server 4.27.0
[35m[UiAutomator2][39m Using UIAutomator2 server from 'C:\Users\irfan\AppData\Roaming\npm\node_modules\appium\node_modules\appium-uiautomator2-server\apks\appium-uiautomator2-server-v4.27.0.apk' and test from 'C:\Users\irfan\AppData\Roaming\npm\node_modules\appium\node_modules\appium-uiautomator2-server\apks\appium-uiautomator2-server-debug-androidTest.apk'
[35m[UiAutomator2][39m Waiting up to 30000ms for UiAutomator2 to be online...
[35m[WD Proxy][39m socket hang up
[35m[WD Proxy][39m socket hang up
[35m[WD Proxy][39m Determined the downstream protocol as 'W3C'
[35m[AndroidDriver][39m Screen already unlocked, doing nothing
[35m[UiAutomator2][39m Starting 'com.android.settings/.Settings and waiting for 'com.android.settings/.Settings'
[35m[Appium][39m New AndroidUiautomator2Driver session created successfully, session 445e72ae-2131-45c9-a635-31f853c0626c added to master session list
[35m[HTTP][39m [37m<-- POST /wd/hub/session [39m[32m200[39m [90m6580 ms - 1154[39m
[35m[HTTP][39m [90m[39m
[35m[HTTP][39m [37m-->[39m [37mGET[39m [37m/wd/hub/session/445e72ae-2131-45c9-a635-31f853c0626c[39m
[35m[HTTP][39m [90m{}[39m
[35m[HTTP][39m [37m<-- GET /wd/hub/session/445e72ae-2131-45c9-a635-31f853c0626c [39m[32m200[39m [90m30 ms - 1108[39m
[35m[HTTP][39m [90m[39m
[35m[HTTP][39m [37m-->[39m [37mGET[39m [37m/wd/hub/session/445e72ae-2131-45c9-a635-31f853c0626c[39m
[35m[HTTP][39m [90m{}[39m
[35m[HTTP][39m [37m<-- GET /wd/hub/session/445e72ae-2131-45c9-a635-31f853c0626c [39m[32m200[39m [90m11 ms - 1108[39m
[35m[HTTP][39m [90m[39m
[35m[HTTP][39m [37m-->[39m [37mGET[39m [37m/wd/hub/status[39m
[35m[HTTP][39m [90m{}[39m
[35m[HTTP][39m [37m<-- GET /wd/hub/status [39m[32m200[39m [90m1 ms - 68[39m
[35m[HTTP][39m [90m[39m
[35m[HTTP][39m [37m-->[39m [37mPOST[39m [37m/wd/hub/session/445e72ae-2131-45c9-a635-31f853c0626c/timeouts[39m
[35m[HTTP][39m [90m{"implicit":60000}[39m
[35m[HTTP][39m [37m<-- POST /wd/hub/session/445e72ae-2131-45c9-a635-31f853c0626c/timeouts [39m[32m200[39m [90m2 ms - 14[39m
[35m[HTTP][39m [90m[39m
[35m[HTTP][39m [37m-->[39m [37mGET[39m [37m/wd/hub/session/445e72ae-2131-45c9-a635-31f853c0626c/screenshot[39m
[35m[HTTP][39m [90m{}[39m
[35m[HTTP][39m [37m<-- GET /wd/hub/session/445e72ae-2131-45c9-a635-31f853c0626c/screenshot [39m[32m200[39m [90m594 ms - 198712[39m
[35m[HTTP][39m [90m[39m
[35m[HTTP][39m [37m-->[39m [37mGET[39m [37m/wd/hub/session/445e72ae-2131-45c9-a635-31f853c0626c/window/rect[39m
[35m[HTTP][39m [90m{}[39m
[35m[HTTP][39m [37m<-- GET /wd/hub/session/445e72ae-2131-45c9-a635-31f853c0626c/window/rect [39m[32m200[39m [90m15 ms - 50[39m
[35m[HTTP][39m [90m[39m
[35m[HTTP][39m [37m-->[39m [37mGET[39m [37m/wd/hub/session/445e72ae-2131-45c9-a635-31f853c0626c/appium/device/system_bars[39m
[35m[HTTP][39m [90m{}[39m
[35m[HTTP][39m [37m<-- GET /wd/hub/session/445e72ae-2131-45c9-a635-31f853c0626c/appium/device/system_bars [39m[32m200[39m [90m168 ms - 145[39m
[35m[HTTP][39m [90m[39m
[35m[HTTP][39m [37m-->[39m [37mPOST[39m [37m/wd/hub/session/445e72ae-2131-45c9-a635-31f853c0626c/appium/device/activate_app[39m
[35m[HTTP][39m [90m{"bundleId":"com.temandiabetes.android"}[39m
[35m[HTTP][39m [37m<-- POST /wd/hub/session/445e72ae-2131-45c9-a635-31f853c0626c/appium/device/activate_app [39m[32m200[39m [90m377 ms - 14[39m
[35m[HTTP][39m [90m[39m
[35m[HTTP][39m [37m-->[39m [37mGET[39m [37m/wd/hub/session/445e72ae-2131-45c9-a635-31f853c0626c/source[39m
[35m[HTTP][39m [90m{}[39m
[35m[W3C (445e72ae)][39m Driver proxy active, passing request on via HTTP proxy
[35m[WD Proxy][39m Replacing sessionId 894ce626-f6c9-40f5-9ce2-24cb782e6056 with 445e72ae-2131-45c9-a635-31f853c0626c
[35m[HTTP][39m [37m<-- GET /wd/hub/session/445e72ae-2131-45c9-a635-31f853c0626c/source [39m[32m200[39m [90m233 ms - 7657[39m
[35m[HTTP][39m [90m[39m
[35m[HTTP][39m [37m-->[39m [37mGET[39m [37m/wd/hub/session/445e72ae-2131-45c9-a635-31f853c0626c/screenshot[39m
[35m[HTTP][39m [90m{}[39m
[35m[HTTP][39m [37m<-- GET /wd/hub/session/445e72ae-2131-45c9-a635-31f853c0626c/screenshot [39m[32m200[39m [90m409 ms - 236160[39m
[35m[HTTP][39m [90m[39m
[35m[HTTP][39m [37m-->[39m [37mGET[39m [37m/wd/hub/session/445e72ae-2131-45c9-a635-31f853c0626c/source[39m
[35m[HTTP][39m [90m{}[39m
[35m[W3C (445e72ae)][39m Driver proxy active, passing request on via HTTP proxy
[35m[WD Proxy][39m Replacing sessionId 894ce626-f6c9-40f5-9ce2-24cb782e6056 with 445e72ae-2131-45c9-a635-31f853c0626c
[35m[HTTP][39m [37m<-- GET /wd/hub/session/445e72ae-2131-45c9-a635-31f853c0626c/source [39m[32m200[39m [90m258 ms - 30661[39m
[35m[HTTP][39m [90m[39m
[35m[HTTP][39m [37m-->[39m [37mGET[39m [37m/wd/hub/session/445e72ae-2131-45c9-a635-31f853c0626c/screenshot[39m
[35m[HTTP][39m [90m{}[39m
[35m[HTTP][39m [37m<-- GET /wd/hub/session/445e72ae-2131-45c9-a635-31f853c0626c/screenshot [39m[32m200[39m [90m321 ms - 178178[39m
[35m[HTTP][39m [90m[39m
[35m[HTTP][39m [37m-->[39m [37mPOST[39m [37m/wd/hub/session/445e72ae-2131-45c9-a635-31f853c0626c/elements[39m
[35m[HTTP][39m [90m{"using":"xpath","value":"//*[@class = 'android.widget.TextView' and (@text = '03 Jul 2023' or . = '03 Jul 2023')]"}[39m
[35m[HTTP][39m [37m<-- POST /wd/hub/session/445e72ae-2131-45c9-a635-31f853c0626c/elements [39m[32m200[39m [90m914 ms - 139[39m
[35m[HTTP][39m [90m[39m
[35m[HTTP][39m [37m-->[39m [37mPOST[39m [37m/wd/hub/session/445e72ae-2131-45c9-a635-31f853c0626c/elements[39m
[35m[HTTP][39m [90m{"using":"xpath","value":"//*[@class = 'android.widget.TextView' and (@text = '03 Jul 2023' or . = '03 Jul 2023')]"}[39m
[35m[HTTP][39m [37m<-- POST /wd/hub/session/445e72ae-2131-45c9-a635-31f853c0626c/elements [39m[32m200[39m [90m506 ms - 139[39m
[35m[HTTP][39m [90m[39m
[35m[HTTP][39m [37m-->[39m [37mGET[39m [37m/wd/hub/session/445e72ae-2131-45c9-a635-31f853c0626c/source[39m
[35m[HTTP][39m [90m{}[39m
[35m[W3C (445e72ae)][39m Driver proxy active, passing request on via HTTP proxy
[35m[WD Proxy][39m Replacing sessionId 894ce626-f6c9-40f5-9ce2-24cb782e6056 with 445e72ae-2131-45c9-a635-31f853c0626c
[35m[HTTP][39m [37m<-- GET /wd/hub/session/445e72ae-2131-45c9-a635-31f853c0626c/source [39m[32m200[39m [90m192 ms - 13178[39m
[35m[HTTP][39m [90m[39m
[35m[HTTP][39m [37m-->[39m [37mGET[39m [37m/wd/hub/session/445e72ae-2131-45c9-a635-31f853c0626c/screenshot[39m
[35m[HTTP][39m [90m{}[39m
[35m[HTTP][39m [37m<-- GET /wd/hub/session/445e72ae-2131-45c9-a635-31f853c0626c/screenshot [39m[32m200[39m [90m338 ms - 157958[39m
[35m[HTTP][39m [90m[39m
[35m[HTTP][39m [37m-->[39m [37mGET[39m [37m/wd/hub/session/445e72ae-2131-45c9-a635-31f853c0626c/source[39m
[35m[HTTP][39m [90m{}[39m
[35m[W3C (445e72ae)][39m Driver proxy active, passing request on via HTTP proxy
[35m[WD Proxy][39m Replacing sessionId 894ce626-f6c9-40f5-9ce2-24cb782e6056 with 445e72ae-2131-45c9-a635-31f853c0626c
[35m[HTTP][39m [37m<-- GET /wd/hub/session/445e72ae-2131-45c9-a635-31f853c0626c/source [39m[32m200[39m [90m241 ms - 13178[39m
[35m[HTTP][39m [90m[39m
[35m[HTTP][39m [37m-->[39m [37mGET[39m [37m/wd/hub/session/445e72ae-2131-45c9-a635-31f853c0626c/screenshot[39m
[35m[HTTP][39m [90m{}[39m
[35m[HTTP][39m [37m<-- GET /wd/hub/session/445e72ae-2131-45c9-a635-31f853c0626c/screenshot [39m[32m200[39m [90m354 ms - 156428[39m
[35m[HTTP][39m [90m[39m
[35m[HTTP][39m [37m-->[39m [37mDELETE[39m [37m/wd/hub/session/445e72ae-2131-45c9-a635-31f853c0626c[39m
[35m[HTTP][39m [90m{}[39m
[35m[Appium][39m Removing session 445e72ae-2131-45c9-a635-31f853c0626c from our master session list
[35m[UiAutomator2][39m Restoring hidden api policy to the device default configuration
[35m[HTTP][39m [37m<-- DELETE /wd/hub/session/445e72ae-2131-45c9-a635-31f853c0626c [39m[32m200[39m [90m343 ms - 14[39m
[35m[HTTP][39m [90m[39m
